2 6
2 6
2 6
2 13
2 3
2 3
2 3
2 3
2 3
2 3
2 3
2 3
2 13
2 12
2 11
2 4
2 2
2 4
2 10
2 3
2 5
3 3
3 1
3 12
3 13
3 4
3 3
3 6
3 12
3 13
3 1
3 7
3 1
3 1
3 1
2 3
2 3
2 12
2 13
2 1
2 3
2 5
2 8
2 9
2 7
2 3
2 12
2 9
2 8
2 8
2 13
2 8
2 3
2 5
2 5
2 11
2 6
2 3
2 1
2 1
2 3
2 11
2 13
2 7
2 7
2 7
2 7
2 7
2 7
2 7
2 7
2 7
2 7
2 7
2 7
2 7
2 7
2 7
2 7
2 7
2 7
2 7
2 7
2 7
2 7
2 7
2 7
2 7
2 7
2 7
2 7
2 7
2 7
2 9
2 9
2 9
2 9
2 9
2 9
2 9
2 9
2 8
2 8
2 8
2 3
2 3
2 3
2 3
2 3
2 1
2 3
2 1
2 8
2 8
2 9
2 8
2 3
2 10
2 10
2 3
2 5
2 3
2 3
2 3
2 12
2 11
2 6
2 6
2 4
2 4
2 2
2 2
2 6
2 6
2 2
2 2
2 9
2 9
2 8
2 8
2 12
2 12
2 5
2 5
2 9
2 9
2 8
2 8
2 2
2 2
2 11
2 11
2 9
2 9
2 8
2 8
2 10
2 10
2 3
2 3
2 3
2 3
2 10
2 10
2 7
2 7
2 13
2 13
2 6
2 6
2 6
2 8
2 3
2 13
2 12
2 4
2 3
2 3
2 2
2 7
2 13
2 10
2 8
2 13
2 6
4 9
4 8
4 7
4 8
4 8
4 8
2 9
3 9
4 8
4 13
3 9
3 8
3 3
3 1
3 7
3 7
4 8
3 9
4 12
4 4
3 3
3 1
3 11
5 8
5 3
5 9
3 13
-1 1
-1 13
-1 1
-1 4
-1 4
-1 4
-1 4
-1 8
-1 7
-1 4
-1 8
6 12
6 6
6 5
6 3
6 8
-1 12
-1 9
-1 11
-1 1
-1 12
2 12
2 12
2 13
2 12
2 6
-1 12
-1 4
-1 1
-1 13
-1 13
-1 1
-1 13
-1 12
-1 12
